C:\USERS\MAHENDRA\DOCUMENTS\VISUAL STUDIO 2010\PROJECTS\AUCTION_HOUSE\AUCTION_HOUSE\DEBUG\AUCTION.OBJ
C:\USERS\MAHENDRA\DOCUMENTS\VISUAL STUDIO 2010\PROJECTS\AUCTION_HOUSE\AUCTION_HOUSE\DEBUG\AUCTION_HOUSE.EXE.EMBED.MANIFEST
C:\USERS\MAHENDRA\DOCUMENTS\VISUAL STUDIO 2010\PROJECTS\AUCTION_HOUSE\AUCTION_HOUSE\DEBUG\AUCTION_HOUSE.EXE.EMBED.MANIFEST.RES
C:\USERS\MAHENDRA\DOCUMENTS\VISUAL STUDIO 2010\PROJECTS\AUCTION_HOUSE\AUCTION_HOUSE\DEBUG\AUCTION_HOUSE.EXE.INTERMEDIATE.MANIFEST
c:\Users\Mahendra\documents\visual studio 2010\Projects\Auction_House\Auction_House\Debug\Auction_House_manifest.rc
C:\USERS\MAHENDRA\DOCUMENTS\VISUAL STUDIO 2010\PROJECTS\AUCTION_HOUSE\AUCTION_HOUSE\DEBUG\AUCTIONHOUSE.OBJ
C:\USERS\MAHENDRA\DOCUMENTS\VISUAL STUDIO 2010\PROJECTS\AUCTION_HOUSE\AUCTION_HOUSE\DEBUG\AUCTIONMGT.OBJ
c:\Users\Mahendra\documents\visual studio 2010\Projects\Auction_House\Auction_House\Debug\cl.command.1.tlog
c:\Users\Mahendra\documents\visual studio 2010\Projects\Auction_House\Auction_House\Debug\CL.read.1.tlog
c:\Users\Mahendra\documents\visual studio 2010\Projects\Auction_House\Auction_House\Debug\CL.write.1.tlog
C:\USERS\MAHENDRA\DOCUMENTS\VISUAL STUDIO 2010\PROJECTS\AUCTION_HOUSE\AUCTION_HOUSE\DEBUG\ITEM.OBJ
C:\USERS\MAHENDRA\DOCUMENTS\VISUAL STUDIO 2010\PROJECTS\AUCTION_HOUSE\AUCTION_HOUSE\DEBUG\ITEMMGT.OBJ
c:\Users\Mahendra\documents\visual studio 2010\Projects\Auction_House\Auction_House\Debug\link.1516.read.1.tlog
c:\Users\Mahendra\documents\visual studio 2010\Projects\Auction_House\Auction_House\Debug\link.1516.write.1.tlog
c:\Users\Mahendra\documents\visual studio 2010\Projects\Auction_House\Auction_House\Debug\link.1516-cvtres.read.1.tlog
c:\Users\Mahendra\documents\visual studio 2010\Projects\Auction_House\Auction_House\Debug\link.1516-cvtres.write.1.tlog
c:\Users\Mahendra\documents\visual studio 2010\Projects\Auction_House\Auction_House\Debug\link.command.1.tlog
c:\Users\Mahendra\documents\visual studio 2010\Projects\Auction_House\Auction_House\Debug\link.read.1.tlog
c:\Users\Mahendra\documents\visual studio 2010\Projects\Auction_House\Auction_House\Debug\link.write.1.tlog
c:\Users\Mahendra\documents\visual studio 2010\Projects\Auction_House\Auction_House\Debug\link-cvtres.read.1.tlog
c:\Users\Mahendra\documents\visual studio 2010\Projects\Auction_House\Auction_House\Debug\link-cvtres.write.1.tlog
C:\USERS\MAHENDRA\DOCUMENTS\VISUAL STUDIO 2010\PROJECTS\AUCTION_HOUSE\AUCTION_HOUSE\DEBUG\MAIN.OBJ
c:\Users\Mahendra\documents\visual studio 2010\Projects\Auction_House\Auction_House\Debug\mt.command.1.tlog
c:\Users\Mahendra\documents\visual studio 2010\Projects\Auction_House\Auction_House\Debug\mt.read.1.tlog
c:\Users\Mahendra\documents\visual studio 2010\Projects\Auction_House\Auction_House\Debug\mt.write.1.tlog
c:\Users\Mahendra\documents\visual studio 2010\Projects\Auction_House\Auction_House\Debug\rc.command.1.tlog
c:\Users\Mahendra\documents\visual studio 2010\Projects\Auction_House\Auction_House\Debug\rc.read.1.tlog
c:\Users\Mahendra\documents\visual studio 2010\Projects\Auction_House\Auction_House\Debug\rc.write.1.tlog
c:\Users\Mahendra\documents\visual studio 2010\Projects\Auction_House\Auction_House\Debug\vc100.idb
C:\USERS\MAHENDRA\DOCUMENTS\VISUAL STUDIO 2010\PROJECTS\AUCTION_HOUSE\AUCTION_HOUSE\DEBUG\VC100.PDB
C:\USERS\MAHENDRA\DOCUMENTS\VISUAL STUDIO 2010\PROJECTS\AUCTION_HOUSE\DEBUG\AUCTION_HOUSE.EXE
C:\USERS\MAHENDRA\DOCUMENTS\VISUAL STUDIO 2010\PROJECTS\AUCTION_HOUSE\DEBUG\AUCTION_HOUSE.ILK
C:\USERS\MAHENDRA\DOCUMENTS\VISUAL STUDIO 2010\PROJECTS\AUCTION_HOUSE\DEBUG\AUCTION_HOUSE.PDB
