Build started 09/12/2011 05:21:07 AM.
     1>Project "C:\Users\Mahendra\documents\visual studio 2010\Projects\Auction_House\Auction_House\Auction_House.vcxproj" on node 2 (build target(s)).
     1>InitializeBuildStatus:
         Creating "Debug\Auction_House.unsuccessfulbuild" because "AlwaysCreate" was specified.
       ClCompile:
         C:\Program Files (x86)\Microsoft Visual Studio 10.0\VC\bin\CL.exe /c /I"C:\Program Files (x86)\PostgreSQL\8.4\include" /IC:\Local\boost_1_48_0 /ZI /nologo /W3 /WX- /Od /Oy- /D WIN32 /D _DEBUG /D _CONSOLE /D _UNICODE /D UNICODE /Gm /EHsc /RTC1 /MDd /GS /fp:precise /Zc:wchar_t /Zc:forScope /Fo"Debug\\" /Fd"Debug\vc100.pdb" /Gd /TP /analyze- /errorReport:prompt main.cpp
         main.cpp
       ManifestResourceCompile:
         All outputs are up-to-date.
       Link:
         C:\Program Files (x86)\Microsoft Visual Studio 10.0\VC\bin\link.exe /ERRORREPORT:PROMPT /OUT:"C:\Users\Mahendra\documents\visual studio 2010\Projects\Auction_House\Debug\Auction_House.exe" /INCREMENTAL /NOLOGO /LIBPATH:"C:\Program Files (x86)\PostgreSQL\8.4\lib" libpq.lib kernel32.lib user32.lib gdi32.lib winspool.lib comdlg32.lib advapi32.lib shell32.lib ole32.lib oleaut32.lib uuid.lib odbc32.lib odbccp32.lib /MANIFEST /ManifestFile:"Debug\Auction_House.exe.intermediate.manifest" /MANIFESTUAC:"level='asInvoker' uiAccess='false'" /DEBUG /PDB:"C:\Users\Mahendra\documents\visual studio 2010\Projects\Auction_House\Debug\Auction_House.pdb" /SUBSYSTEM:CONSOLE /TLBID:1 /DYNAMICBASE /NXCOMPAT /IMPLIB:"C:\Users\Mahendra\documents\visual studio 2010\Projects\Auction_House\Debug\Auction_House.lib" /MACHINE:X86 Debug\Auction_House.exe.embed.manifest.res
         Debug\Auction.obj
         Debug\Auctionhouse.obj
         Debug\AuctionMgt.obj
         Debug\Item.obj
         Debug\ItemMgt.obj
         Debug\main.obj
       Manifest:
         C:\Program Files (x86)\Microsoft SDKs\Windows\v7.0A\bin\mt.exe /nologo /verbose /out:"Debug\Auction_House.exe.embed.manifest" /manifest Debug\Auction_House.exe.intermediate.manifest
         All outputs are up-to-date.
       LinkEmbedManifest:
         All outputs are up-to-date.
         Auction_House.vcxproj -> C:\Users\Mahendra\documents\visual studio 2010\Projects\Auction_House\Debug\Auction_House.exe
       FinalizeBuildStatus:
         Deleting file "Debug\Auction_House.unsuccessfulbuild".
         Touching "Debug\Auction_House.lastbuildstate".
     1>Done Building Project "C:\Users\Mahendra\documents\visual studio 2010\Projects\Auction_House\Auction_House\Auction_House.vcxproj" (build target(s)).

Build succeeded.

Time Elapsed 00:00:01.46
